0 info it worked if it ends with ok
1 verbose cli [ '/usr/bin/node', '/usr/bin/npm', 'install', 'redis-server' ]
2 info using npm@1.2.18
3 info using node@v0.10.5
4 verbose read json /home/mccarmo/workspace/8bitslife/package.json
5 verbose read json /home/mccarmo/workspace/8bitslife/node_modules/express/package.json
6 verbose read json /home/mccarmo/workspace/8bitslife/node_modules/redis/package.json
7 verbose read json /home/mccarmo/workspace/8bitslife/node_modules/socket.io/package.json
8 verbose from cache /home/mccarmo/workspace/8bitslife/package.json
9 verbose readDependencies using package.json deps
10 verbose cache add [ 'redis-server', null ]
11 verbose cache add name=undefined spec="redis-server" args=["redis-server",null]
12 verbose parsed url { protocol: null,
12 verbose parsed url   slashes: null,
12 verbose parsed url   auth: null,
12 verbose parsed url   host: null,
12 verbose parsed url   port: null,
12 verbose parsed url   hostname: null,
12 verbose parsed url   hash: null,
12 verbose parsed url   search: null,
12 verbose parsed url   query: null,
12 verbose parsed url   pathname: 'redis-server',
12 verbose parsed url   path: 'redis-server',
12 verbose parsed url   href: 'redis-server' }
13 silly lockFile 85ee20ab-redis-server redis-server
14 verbose lock redis-server /home/mccarmo/.npm/85ee20ab-redis-server.lock
15 silly lockFile 85ee20ab-redis-server redis-server
16 silly lockFile 85ee20ab-redis-server redis-server
17 verbose addNamed [ 'redis-server', '' ]
18 verbose addNamed [ null, '' ]
19 silly lockFile fcb94d2a-redis-server redis-server@
20 verbose lock redis-server@ /home/mccarmo/.npm/fcb94d2a-redis-server.lock
21 silly addNameRange { name: 'redis-server', range: '', hasData: false }
22 verbose url raw redis-server
23 verbose url resolving [ 'https://registry.npmjs.org/', './redis-server' ]
24 verbose url resolved https://registry.npmjs.org/redis-server
25 info trying registry request attempt 1 at 19:45:52
26 http GET https://registry.npmjs.org/redis-server
27 http 404 https://registry.npmjs.org/redis-server
28 silly registry.get cb [ 404,
28 silly registry.get   { server: 'CouchDB/1.3.0 (Erlang OTP/R15B03)',
28 silly registry.get     date: 'Tue, 16 Jul 2013 22:43:31 GMT',
28 silly registry.get     'content-type': 'application/json',
28 silly registry.get     'content-length': '52',
28 silly registry.get     'cache-control': 'must-revalidate' } ]
29 silly lockFile fcb94d2a-redis-server redis-server@
30 silly lockFile fcb94d2a-redis-server redis-server@
31 error 404 'redis-server' is not in the npm registry.
31 error 404 You should bug the author to publish it
31 error 404
31 error 404 Note that you can also install from a
31 error 404 tarball, folder, or http url, or git url.
32 error System Linux 3.7.10-gentoo
33 error command "/usr/bin/node" "/usr/bin/npm" "install" "redis-server"
34 error cwd /home/mccarmo/workspace/8bitslife
35 error node -v v0.10.5
36 error npm -v 1.2.18
37 error code E404
38 verbose exit [ 1, true ]
